WARNING 2025-09-02 09:10:11,686 log 53579 6138294272 Forbidden (CSRF token from the 'X-Csrftoken' HTTP header has incorrect length.): /accounts/login/
WARNING 2025-09-02 09:10:32,650 log 53579 6155120640 Forbidden (CSRF token from the 'X-Csrftoken' HTTP header has incorrect length.): /accounts/register/
WARNING 2025-09-02 09:16:58,254 log 53579 6138294272 Forbidden (CSRF token from the 'X-Csrftoken' HTTP header has incorrect length.): /accounts/register/
WARNING 2025-09-02 12:34:08,652 log 15126 6197899264 Forbidden (CSRF token from POST has incorrect length.): /admin/login/
WARNING 2025-09-03 07:02:54,929 log 2105 6218084352 Forbidden (CSRF token from the 'X-Csrftoken' HTTP header incorrect.): /cart/checkout/
WARNING 2025-09-03 07:11:30,014 log 3305 6204485632 Forbidden (CSRF token from the 'X-Csrftoken' HTTP header incorrect.): /cart/checkout/
WARNING 2025-09-03 07:27:47,987 log 4527 6159364096 Forbidden (CSRF token from the 'X-Csrftoken' HTTP header incorrect.): /cart/merge-session/
WARNING 2025-09-03 07:27:48,002 log 4527 6176190464 Forbidden (CSRF token from the 'X-Csrftoken' HTTP header incorrect.): /cart/checkout/
WARNING 2025-09-03 07:27:54,902 log 4527 6159364096 Forbidden (CSRF token from the 'X-Csrftoken' HTTP header incorrect.): /cart/checkout/
WARNING 2025-09-03 07:41:06,767 log 4789 6133002240 Forbidden (CSRF token from the 'X-Csrftoken' HTTP header incorrect.): /cart/merge-session/
WARNING 2025-09-03 07:41:06,784 log 4789 6149828608 Forbidden (CSRF token from the 'X-Csrftoken' HTTP header incorrect.): /cart/checkout/
WARNING 2025-09-03 07:41:27,270 log 4789 6149828608 Forbidden (CSRF token from the 'X-Csrftoken' HTTP header incorrect.): /cart/checkout/
WARNING 2025-09-03 07:41:42,950 log 4789 6149828608 Forbidden (CSRF token from the 'X-Csrftoken' HTTP header incorrect.): /cart/checkout/
WARNING 2025-09-03 07:41:51,954 log 4789 6149828608 Forbidden (CSRF token from the 'X-Csrftoken' HTTP header incorrect.): /cart/checkout/
WARNING 2025-09-03 07:44:25,954 log 4789 6133002240 Forbidden (CSRF token from the 'X-Csrftoken' HTTP header incorrect.): /cart/checkout/
WARNING 2025-09-03 07:50:01,436 log 5240 6196932608 Forbidden (CSRF token from the 'X-Csrftoken' HTTP header incorrect.): /cart/merge-session/
WARNING 2025-09-03 14:48:16,270 log 66282 6173126656 Forbidden (CSRF token from the 'X-Csrftoken' HTTP header incorrect.): /accounts/register/
WARNING 2025-09-03 14:48:21,717 log 66282 6173126656 Forbidden (CSRF token from the 'X-Csrftoken' HTTP header incorrect.): /accounts/register/
WARNING 2025-09-03 14:48:34,392 log 66282 6173126656 Forbidden (CSRF token from the 'X-Csrftoken' HTTP header incorrect.): /accounts/register/
WARNING 2025-09-03 14:48:40,735 log 66282 6173126656 Forbidden (CSRF token from the 'X-Csrftoken' HTTP header incorrect.): /accounts/register/
WARNING 2025-09-03 14:48:45,224 log 66282 6173126656 Forbidden (CSRF token from the 'X-Csrftoken' HTTP header incorrect.): /accounts/register/
WARNING 2025-09-03 19:37:43,166 log 2448 6244478976 4d534465-d2c0-45b3-97cd-f799aa4b4b83 Forbidden (CSRF token from the 'X-Csrftoken' HTTP header incorrect.): /accounts/register/
WARNING 2025-09-04 12:57:00,638 log 73603 6198030336 4479da36-139b-4b6f-a65f-1313bfb1fdb6 Forbidden (CSRF token missing.): /admin/undefined/api/auth/token/
WARNING 2025-09-04 12:58:16,606 log 73603 6214856704 a491741c-45b5-4820-8dcd-304e4d3cd10b Forbidden (CSRF token missing.): /admin/undefined/api/auth/token/
WARNING 2025-09-04 12:58:17,843 log 73603 6214856704 c6b118ee-f074-409b-9d87-4528b1c10373 Forbidden (CSRF token missing.): /admin/undefined/api/auth/token/
WARNING 2025-09-04 12:58:20,745 log 73603 6214856704 d373b622-c51c-410c-b7c1-7163f30ae637 Forbidden (CSRF token missing.): /admin/undefined/api/auth/token/
WARNING 2025-09-04 12:59:25,951 log 74940 6139441152 e5616768-2418-43ba-bcf2-09aa57eff5e8 Forbidden (CSRF token missing.): /admin/undefined/api/auth/token/
WARNING 2025-09-04 12:59:35,945 log 74940 6122614784 74104b16-006f-469d-bcc5-4a3781403241 Forbidden (CSRF token missing.): /admin/undefined/api/auth/token/
WARNING 2025-09-04 12:59:37,133 log 74940 6139441152 a8de69c1-2f99-4662-bce3-adf14c9ca191 Forbidden (CSRF token missing.): /admin/undefined/api/auth/token/
WARNING 2025-09-04 12:59:39,716 log 74940 6122614784 dc1ffdda-567e-455d-bc21-1e5d6c4a9fbb Forbidden (CSRF token missing.): /admin/undefined/api/auth/token/
WARNING 2025-09-04 13:14:50,031 log 82597 6188953600 53c3b5bc-4885-4f5e-bc40-82b9ffd14679 Forbidden (CSRF token missing.): /admin/undefined/api/auth/token/
WARNING 2025-09-04 13:14:51,275 log 82597 6172127232 250ea04c-d715-41f0-8b96-400e7b62ed9b Forbidden (CSRF token missing.): /admin/undefined/api/auth/token/
WARNING 2025-09-04 13:33:04,686 log 82597 6155300864 35417aa8-ecea-4ae9-89f6-3f4987922acc Forbidden (CSRF token missing.): /admin/undefined/api/auth/token/
WARNING 2025-09-04 13:33:05,798 log 82597 6155300864 743e8053-af6e-4d97-9ce5-b1324ef5d387 Forbidden (CSRF token missing.): /admin/undefined/api/auth/token/
WARNING 2025-09-04 13:38:34,784 log 92526 6160478208 0a70918e-dfbd-47fb-8d18-49db37a303f7 Forbidden (CSRF token missing.): /admin/undefined/api/auth/token/
WARNING 2025-09-04 13:39:13,110 log 92526 6177304576 5906fa19-053f-4095-9a80-9376cf9a395d Forbidden (CSRF token missing.): /admin/undefined/api/auth/token/
WARNING 2025-09-04 13:39:23,386 log 92526 6177304576 1f8a2dfc-0721-4117-b9fb-6ce8a75b3ad7 Forbidden (CSRF token missing.): /admin/undefined/api/auth/token/
WARNING 2025-09-04 13:42:05,695 log 92526 6160478208 2d8a6641-8284-42f0-b5db-31906d4a14a7 Forbidden (CSRF token missing.): /admin/undefined/api/auth/token/
WARNING 2025-09-04 13:42:12,283 log 92526 6210957312 0e97afb7-57e3-4d6b-9811-ed25fe4b617b Forbidden (CSRF token missing.): /admin/undefined/api/auth/token/
WARNING 2025-09-25 15:01:18,961 log 16882 6215315456 32b5b56e-5c4d-40e3-b6e7-29def5539a59 Forbidden (CSRF token from the 'X-Csrftoken' HTTP header incorrect.): /accounts/login/
WARNING 2025-09-25 15:01:29,628 log 16882 6215315456 4aa49f89-393d-4263-a563-e666a77575d1 Forbidden (CSRF token from the 'X-Csrftoken' HTTP header incorrect.): /accounts/register/
WARNING 2025-09-25 15:01:31,160 log 16882 6215315456 c714e6ad-4ca9-49da-b7d3-58fd1dd3e640 Forbidden (CSRF token from the 'X-Csrftoken' HTTP header incorrect.): /accounts/register/
WARNING 2025-09-25 15:05:25,850 log 17089 6200553472 d1620149-7aeb-432d-b1f0-6adaaf2e8285 Forbidden (CSRF token from the 'X-Csrftoken' HTTP header incorrect.): /accounts/login/
WARNING 2025-09-25 17:22:30,707 log 17947 6186823680 48794360-0ca3-4551-bdb5-9da3596a4e97 Forbidden (CSRF token from POST incorrect.): /cart/add/
WARNING 2025-09-25 17:22:31,716 log 17947 6186823680 f7aca66f-cf9b-4bb2-9e33-8b4e8d964e0f Forbidden (CSRF token from POST incorrect.): /cart/add/
WARNING 2025-09-25 17:22:33,674 log 17947 6186823680 f331e56b-b59b-48bf-9c28-a3f2c10b19e3 Forbidden (CSRF token from POST incorrect.): /cart/add/
WARNING 2025-09-25 17:22:33,958 log 17947 6186823680 ee39301b-7c80-4bb1-863d-261a750e4cf6 Forbidden (CSRF token from POST incorrect.): /cart/add/
WARNING 2025-09-25 17:22:35,710 log 17947 6186823680 a476391a-73db-4c14-a9fe-ce2cd9d34add Forbidden (CSRF token from POST incorrect.): /cart/add/
WARNING 2025-09-25 17:22:36,604 log 17947 6186823680 cbf42409-25e8-4cdf-9230-3c3ccd462064 Forbidden (CSRF token from POST incorrect.): /cart/add/
WARNING 2025-09-26 08:16:21,087 log 1527 6163181568 7afa0f5b-064e-4813-8b2f-d7edb1424799 Forbidden (CSRF token from POST incorrect.): /cart/add/
WARNING 2025-09-26 08:16:23,848 log 1527 6163181568 bb3a9079-5740-4581-8893-b1726d6d1546 Forbidden (CSRF token from POST incorrect.): /cart/add/
